KCPSM3 Assembler log file for program 'speech.psm'.
Generated by KCPSM3 version 1.30
Ken Chapman (Xilinx Ltd) 2005.
24Apr2021-20:18:51

 Addr Code

 000                            ;; Define constants for all the ascii values.
 000                            CONSTANT ascii_SPACE, 20        ; ascii code
 000                            CONSTANT ascii_EXCLAIM, 21      ; ascii code
 000                            CONSTANT ascii_DBLQUOT, 22      ; ascii code
 000                            CONSTANT ascii_NUMSIGN, 23      ; ascii code
 000                            CONSTANT ascii_DOLLAR, 24       ; ascii code
 000                            CONSTANT ascii_PERCENT, 25      ; ascii code
 000                            CONSTANT ascii_AMP, 26          ; ascii code
 000                            CONSTANT ascii_SINQUOT, 27      ; ascii code
 000                            CONSTANT ascii_LPAREN, 28       ; ascii code
 000                            CONSTANT ascii_RPAREN, 29       ; ascii code
 000                            CONSTANT ascii_ASTERISK, 2A     ; ascii code
 000                            CONSTANT ascii_PLUS, 2B         ; ascii code
 000                            CONSTANT ascii_COMMA, 2C        ; ascii code
 000                            CONSTANT ascii_MINUS, 2D        ; ascii code
 000                            CONSTANT ascii_PERIOD, 2E       ; ascii code
 000                            CONSTANT ascii_FWDSLASH, 2F     ; ascii code
 000                            CONSTANT ascii_0, 30            ; ascii code
 000                            CONSTANT ascii_1, 31            ; ascii code
 000                            CONSTANT ascii_2, 32            ; ascii code
 000                            CONSTANT ascii_3, 33            ; ascii code
 000                            CONSTANT ascii_4, 34            ; ascii code
 000                            CONSTANT ascii_5, 35            ; ascii code
 000                            CONSTANT ascii_6, 36            ; ascii code
 000                            CONSTANT ascii_7, 37            ; ascii code
 000                            CONSTANT ascii_8, 38            ; ascii code
 000                            CONSTANT ascii_9, 39            ; ascii code
 000                            CONSTANT ascii_COLON, 3A        ; ascii code
 000                            CONSTANT ascii_SEMI, 3B         ; ascii code
 000                            CONSTANT ascii_LESS, 3C         ; ascii code
 000                            CONSTANT ascii_EQUAL, 3D        ; ascii code
 000                            CONSTANT ascii_GREATER, 3E      ; ascii code
 000                            CONSTANT ascii_QUESTION, 3F     ; ascii code
 000                            CONSTANT ascii_CIRCAT, 40       ; ascii code
 000                            CONSTANT ascii_A, 41            ; ascii code
 000                            CONSTANT ascii_B, 42            ; ascii code
 000                            CONSTANT ascii_C, 43            ; ascii code
 000                            CONSTANT ascii_D, 44            ; ascii code
 000                            CONSTANT ascii_E, 45            ; ascii code
 000                            CONSTANT ascii_F, 46            ; ascii code
 000                            CONSTANT ascii_G, 47            ; ascii code
 000                            CONSTANT ascii_H, 48            ; ascii code
 000                            CONSTANT ascii_I, 49            ; ascii code
 000                            CONSTANT ascii_J, 4A            ; ascii code
 000                            CONSTANT ascii_K, 4B            ; ascii code
 000                            CONSTANT ascii_L, 4C            ; ascii code
 000                            CONSTANT ascii_M, 4D            ; ascii code
 000                            CONSTANT ascii_N, 4E            ; ascii code
 000                            CONSTANT ascii_O, 4F            ; ascii code
 000                            CONSTANT ascii_P, 50            ; ascii code
 000                            CONSTANT ascii_Q, 51            ; ascii code
 000                            CONSTANT ascii_R, 52            ; ascii code
 000                            CONSTANT ascii_S, 53            ; ascii code
 000                            CONSTANT ascii_T, 54            ; ascii code
 000                            CONSTANT ascii_U, 55            ; ascii code
 000                            CONSTANT ascii_V, 56            ; ascii code
 000                            CONSTANT ascii_W, 57            ; ascii code
 000                            CONSTANT ascii_X, 58            ; ascii code
 000                            CONSTANT ascii_Y, 59            ; ascii code
 000                            CONSTANT ascii_Z, 5A            ; ascii code
 000                            CONSTANT ascii_LBKT, 5B         ; ascii code
 000                            CONSTANT ascii_BKSLASH, 5C      ; ascii code
 000                            CONSTANT ascii_RBKT, 5D         ; ascii code
 000                            CONSTANT ascii_CARET, 5E        ; ascii code
 000                            CONSTANT ascii_DASH, 5F         ; ascii code
 000                            CONSTANT ascii_TICK, 60         ; ascii code
 000                            CONSTANT ascii_a, 61            ; ascii code
 000                            CONSTANT ascii_b, 62            ; ascii code
 000                            CONSTANT ascii_c, 63            ; ascii code
 000                            CONSTANT ascii_d, 64            ; ascii code
 000                            CONSTANT ascii_e, 65            ; ascii code
 000                            CONSTANT ascii_f, 66            ; ascii code
 000                            CONSTANT ascii_g, 67            ; ascii code
 000                            CONSTANT ascii_h, 68            ; ascii code
 000                            CONSTANT ascii_i, 69            ; ascii code
 000                            CONSTANT ascii_j, 6A            ; ascii code
 000                            CONSTANT ascii_k, 6B            ; ascii code
 000                            CONSTANT ascii_l, 6C            ; ascii code
 000                            CONSTANT ascii_m, 6D            ; ascii code
 000                            CONSTANT ascii_n, 6E            ; ascii code
 000                            CONSTANT ascii_o, 6F            ; ascii code
 000                            CONSTANT ascii_p, 70            ; ascii code
 000                            CONSTANT ascii_q, 71            ; ascii code
 000                            CONSTANT ascii_r, 72            ; ascii code
 000                            CONSTANT ascii_s, 73            ; ascii code
 000                            CONSTANT ascii_t, 74            ; ascii code
 000                            CONSTANT ascii_u, 75            ; ascii code
 000                            CONSTANT ascii_v, 76            ; ascii code
 000                            CONSTANT ascii_w, 77            ; ascii code
 000                            CONSTANT ascii_x, 78            ; ascii code
 000                            CONSTANT ascii_y, 79            ; ascii code
 000                            CONSTANT ascii_z, 7A            ; ascii code
 000                            CONSTANT ascii_LBRACE, 7B       ; ascii code
 000                            CONSTANT ascii_VBAR, 7C         ; ascii code
 000                            CONSTANT ascii_RBRACE, 7D       ; ascii code
 000                            CONSTANT ascii_TILDE, 7E        ; ascii code
 000                            CONSTANT ascii_ULINE, 7F        ; ascii code
 000                            ;; Define constants for all the phoneme values.
 000                            CONSTANT phoneme_PA1, 00        ; phoneme code
 000                            CONSTANT phoneme_PA2, 01        ; phoneme code
 000                            CONSTANT phoneme_PA3, 02        ; phoneme code
 000                            CONSTANT phoneme_PA4, 03        ; phoneme code
 000                            CONSTANT phoneme_PA5, 04        ; phoneme code
 000                            CONSTANT phoneme_OY, 05         ; phoneme code
 000                            CONSTANT phoneme_AY, 06         ; phoneme code
 000                            CONSTANT phoneme_EH, 07         ; phoneme code
 000                            CONSTANT phoneme_KK3, 08        ; phoneme code
 000                            CONSTANT phoneme_PP, 09         ; phoneme code
 000                            CONSTANT phoneme_JH, 0A         ; phoneme code
 000                            CONSTANT phoneme_NN1, 0B        ; phoneme code
 000                            CONSTANT phoneme_IH, 0C         ; phoneme code
 000                            CONSTANT phoneme_TT2, 0D        ; phoneme code
 000                            CONSTANT phoneme_RR1, 0E        ; phoneme code
 000                            CONSTANT phoneme_AX, 0F         ; phoneme code
 000                            CONSTANT phoneme_MM, 10         ; phoneme code
 000                            CONSTANT phoneme_TT1, 11        ; phoneme code
 000                            CONSTANT phoneme_DH1, 12        ; phoneme code
 000                            CONSTANT phoneme_IY, 13         ; phoneme code
 000                            CONSTANT phoneme_EY, 14         ; phoneme code
 000                            CONSTANT phoneme_DD1, 15        ; phoneme code
 000                            CONSTANT phoneme_UW1, 16        ; phoneme code
 000                            CONSTANT phoneme_AO, 17         ; phoneme code
 000                            CONSTANT phoneme_AA, 18         ; phoneme code
 000                            CONSTANT phoneme_YY2, 19        ; phoneme code
 000                            CONSTANT phoneme_AE, 1A         ; phoneme code
 000                            CONSTANT phoneme_HH1, 1B        ; phoneme code
 000                            CONSTANT phoneme_BB1, 1C        ; phoneme code
 000                            CONSTANT phoneme_TH, 1D         ; phoneme code
 000                            CONSTANT phoneme_UH, 1E         ; phoneme code
 000                            CONSTANT phoneme_UW2, 1F        ; phoneme code
 000                            CONSTANT phoneme_AW, 20         ; phoneme code
 000                            CONSTANT phoneme_DD2, 21        ; phoneme code
 000                            CONSTANT phoneme_GG3, 22        ; phoneme code
 000                            CONSTANT phoneme_VV, 23         ; phoneme code
 000                            CONSTANT phoneme_GG1, 24        ; phoneme code
 000                            CONSTANT phoneme_SH, 25         ; phoneme code
 000                            CONSTANT phoneme_ZH, 26         ; phoneme code
 000                            CONSTANT phoneme_RR2, 27        ; phoneme code
 000                            CONSTANT phoneme_FF, 28         ; phoneme code
 000                            CONSTANT phoneme_KK2, 29        ; phoneme code
 000                            CONSTANT phoneme_KK1, 2A        ; phoneme code
 000                            CONSTANT phoneme_ZZ, 2B         ; phoneme code
 000                            CONSTANT phoneme_NG, 2C         ; phoneme code
 000                            CONSTANT phoneme_LL, 2D         ; phoneme code
 000                            CONSTANT phoneme_WW, 2E         ; phoneme code
 000                            CONSTANT phoneme_XR, 2F         ; phoneme code
 000                            CONSTANT phoneme_WH, 30         ; phoneme code
 000                            CONSTANT phoneme_YY1, 31        ; phoneme code
 000                            CONSTANT phoneme_CH, 32         ; phoneme code
 000                            CONSTANT phoneme_ER1, 33        ; phoneme code
 000                            CONSTANT phoneme_ER2, 34        ; phoneme code
 000                            CONSTANT phoneme_OW, 35         ; phoneme code
 000                            CONSTANT phoneme_DH2, 36        ; phoneme code
 000                            CONSTANT phoneme_SS, 37         ; phoneme code
 000                            CONSTANT phoneme_NN2, 38        ; phoneme code
 000                            CONSTANT phoneme_HH2, 39        ; phoneme code
 000                            CONSTANT phoneme_OR, 3A         ; phoneme code
 000                            CONSTANT phoneme_AR, 3B         ; phoneme code
 000                            CONSTANT phoneme_YR, 3C         ; phoneme code
 000                            CONSTANT phoneme_GG2, 3D        ; phoneme code
 000                            CONSTANT phoneme_EL, 3E         ; phoneme code
 000                            CONSTANT phoneme_BB2, 3F        ; phoneme code
 000                            ;**************************************************************************************
 000                            ; Port definitions
 000                            ;**************************************************************************************
 000                            ;OUTPUT
 000                            CONSTANT PHONEME_PORT, 40
 000                            CONSTANT START_FLAG_PORT, 20
 000                            CONSTANT TALK_DONE_PORT, 80
 000                            ;INPUT
 000                            CONSTANT DATA_IN_PORT, 00       ;finish signal
 000                            CONSTANT START_TALK_PORT, A0    ;instruction signal
 000                            CONSTANT WORD_CODE_PORT, C0
 000                            CONSTANT OVERFLOW_PORT, E0
 000                            ;;============================================================================
 000                            ;; Infinite loop.
 000                            ;;============================================================================
 000  00100         cold_start: LOAD s1, 00
 001  2C120                     OUTPUT s1, START_FLAG_PORT[20]  ;start_ctrl = 0;
 002  2C180                     OUTPUT s1, TALK_DONE_PORT[80]   ;talk_done = 0;
 003  00100   check_start_talk: LOAD s1, 00
 004  2C180                     OUTPUT s1, TALK_DONE_PORT[80]
 005  043A0                     INPUT s3, START_TALK_PORT[A0]   ;loop until start_talk = 1
 006  14301                     COMPARE s3, 01
 007  35403                     JUMP NZ, check_start_talk[003]
 008  042C0         check_zero: INPUT s2, WORD_CODE_PORT[C0]
 009  1420B                     COMPARE s2, 0B
 00A  3540D                     JUMP NZ, check_one[00D]
 00B  30105                     CALL talkword0[105]
 00C  34036                     JUMP loop[036]
 00D  14202          check_one: COMPARE s2, 02
 00E  35411                     JUMP NZ, check_two[011]
 00F  3010C                     CALL talkword1[10C]
 010  34036                     JUMP loop[036]
 011  14203          check_two: COMPARE s2, 03
 012  35415                     JUMP NZ, check_three[015]
 013  30112                     CALL talkword2[112]
 014  34036                     JUMP loop[036]
 015  14204        check_three: COMPARE s2, 04
 016  35419                     JUMP NZ, check_four[019]
 017  30116                     CALL talkword3[116]
 018  34036                     JUMP loop[036]
 019  14205         check_four: COMPARE s2, 05
 01A  3541D                     JUMP NZ, check_five[01D]
 01B  3011D                     CALL talkword4[11D]
 01C  34036                     JUMP loop[036]
 01D  14206         check_five: COMPARE s2, 06
 01E  35421                     JUMP NZ, check_six[021]
 01F  30122                     CALL talkword5[122]
 020  34036                     JUMP loop[036]
 021  14207          check_six: COMPARE s2, 07
 022  35425                     JUMP NZ, check_seven[025]
 023  30128                     CALL talkword6[128]
 024  34036                     JUMP loop[036]
 025  14208        check_seven: COMPARE s2, 08
 026  35429                     JUMP NZ, check_eight[029]
 027  30131                     CALL talkword7[131]
 028  34036                     JUMP loop[036]
 029  14209        check_eight: COMPARE s2, 09
 02A  3542D                     JUMP NZ, check_nine[02D]
 02B  3013B                     CALL talkword8[13B]
 02C  34036                     JUMP loop[036]
 02D  1420A         check_nine: COMPARE s2, 0A
 02E  35431                     JUMP NZ, check_error[031]
 02F  30140                     CALL talkword9[140]
 030  34036                     JUMP loop[036]
 031  30101        check_error: CALL talkworderror[101]
 032  34033                     JUMP back[033]
 033  00101               back: LOAD s1, 01                     ;if its error, go back to stage 1
 034  2C180                     OUTPUT s1, TALK_DONE_PORT[80]
 035  34003                     JUMP check_start_talk[003]
 036  00101               loop: LOAD s1, 01                     ;if its a number, go to stage 2
 037  2C180                     OUTPUT s1, TALK_DONE_PORT[80]
 038  34039                     JUMP check_start_talk2[039]
 039                            ;;stage 2 starts;;==================
 039                            ;same code as above, but now were checking plus and minus
 039  00100  check_start_talk2: LOAD s1, 00
 03A  2C180                     OUTPUT s1, TALK_DONE_PORT[80]
 03B  043A0                     INPUT s3, START_TALK_PORT[A0]
 03C  14301                     COMPARE s3, 01
 03D  35439                     JUMP NZ, check_start_talk2[039]
 03E  042C0         check_plus: INPUT s2, WORD_CODE_PORT[C0]
 03F  1420C                     COMPARE s2, 0C
 040  35443                     JUMP NZ, check_minus[043]
 041  300FA                     CALL talkwordplus[0FA]
 042  3404C                     JUMP stage3[04C]
 043  1420D        check_minus: COMPARE s2, 0D
 044  35447                     JUMP NZ, check_error2[047]
 045  300EE                     CALL talkwordminus[0EE]
 046  3404C                     JUMP stage3[04C]
 047  30101       check_error2: CALL talkworderror[101]
 048  34049                     JUMP back2[049]
 049  00101              back2: LOAD s1, 01
 04A  2C180                     OUTPUT s1, TALK_DONE_PORT[80]
 04B  34039                     JUMP check_start_talk2[039]
 04C  00101             stage3: LOAD s1, 01
 04D  2C180                     OUTPUT s1, TALK_DONE_PORT[80]
 04E  3404F                     JUMP stage3_start[04F]
 04F                            ;;stage3 starts;;=====================
 04F                            ;;same code as stage1
 04F  00100       stage3_start: LOAD s1, 00
 050  2C180                     OUTPUT s1, TALK_DONE_PORT[80]
 051  043A0                     INPUT s3, START_TALK_PORT[A0]
 052  14301                     COMPARE s3, 01
 053  3544F                     JUMP NZ, stage3_start[04F]
 054  042C0        check_zero2: INPUT s2, WORD_CODE_PORT[C0]
 055  1420B                     COMPARE s2, 0B
 056  35459                     JUMP NZ, check_one2[059]
 057  30105                     CALL talkword0[105]
 058  34081                     JUMP go_stage4[081]
 059  14202         check_one2: COMPARE s2, 02
 05A  3545D                     JUMP NZ, check_two2[05D]
 05B  3010C                     CALL talkword1[10C]
 05C  34081                     JUMP go_stage4[081]
 05D  14203         check_two2: COMPARE s2, 03
 05E  35461                     JUMP NZ, check_three2[061]
 05F  30112                     CALL talkword2[112]
 060  34081                     JUMP go_stage4[081]
 061  14204       check_three2: COMPARE s2, 04
 062  35465                     JUMP NZ, check_four2[065]
 063  30116                     CALL talkword3[116]
 064  34081                     JUMP go_stage4[081]
 065  14205        check_four2: COMPARE s2, 05
 066  35469                     JUMP NZ, check_five2[069]
 067  3011D                     CALL talkword4[11D]
 068  34081                     JUMP go_stage4[081]
 069  14206        check_five2: COMPARE s2, 06
 06A  3546D                     JUMP NZ, check_six2[06D]
 06B  30122                     CALL talkword5[122]
 06C  34081                     JUMP go_stage4[081]
 06D  14207         check_six2: COMPARE s2, 07
 06E  35471                     JUMP NZ, check_seven2[071]
 06F  30128                     CALL talkword6[128]
 070  34081                     JUMP go_stage4[081]
 071  14208       check_seven2: COMPARE s2, 08
 072  35475                     JUMP NZ, check_eight2[075]
 073  30131                     CALL talkword7[131]
 074  34081                     JUMP go_stage4[081]
 075  14209       check_eight2: COMPARE s2, 09
 076  35479                     JUMP NZ, check_nine2[079]
 077  3013B                     CALL talkword8[13B]
 078  34081                     JUMP go_stage4[081]
 079  1420A        check_nine2: COMPARE s2, 0A
 07A  3547D                     JUMP NZ, check_error3[07D]
 07B  30140                     CALL talkword9[140]
 07C  34081                     JUMP go_stage4[081]
 07D  30101       check_error3: CALL talkworderror[101]
 07E  00101                     LOAD s1, 01
 07F  2C180                     OUTPUT s1, TALK_DONE_PORT[80]
 080  3404F                     JUMP stage3_start[04F]
 081  00101          go_stage4: LOAD s1, 01
 082  2C180                     OUTPUT s1, TALK_DONE_PORT[80]
 083  34084                     JUMP stage4[084]
 084                            ;;stage4;;=========================
 084                            ;;now we check overflow first, if it = 1, say minus after equals, then say the number
 084  00100             stage4: LOAD s1, 00
 085  2C180                     OUTPUT s1, TALK_DONE_PORT[80]
 086  043A0                     INPUT s3, START_TALK_PORT[A0]
 087  14301                     COMPARE s3, 01
 088  35484                     JUMP NZ, stage4[084]
 089  042C0       check_error4: INPUT s2, WORD_CODE_PORT[C0]
 08A  14201                     COMPARE s2, 01
 08B  35490                     JUMP NZ, check_overflow[090]
 08C  30101                     CALL talkworderror[101]
 08D  00101                     LOAD s1, 01
 08E  2C180                     OUTPUT s1, TALK_DONE_PORT[80]
 08F  34084                     JUMP stage4[084]
 090  044E0     check_overflow: INPUT s4, OVERFLOW_PORT[E0]
 091  14401                     COMPARE s4, 01
 092  35095                     JUMP Z, say_minus[095]
 093  300E4                     CALL talkwordequals[0E4]
 094  34097                     JUMP check_zero3[097]
 095  300E4          say_minus: CALL talkwordequals[0E4]
 096  300EE                     CALL talkwordminus[0EE]
 097  042C0        check_zero3: INPUT s2, WORD_CODE_PORT[C0]
 098  1420B                     COMPARE s2, 0B
 099  3549C                     JUMP NZ, check_one3[09C]
 09A  30105                     CALL talkword0[105]
 09B  340E1                     JUMP ending[0E1]
 09C  14202         check_one3: COMPARE s2, 02
 09D  354A0                     JUMP NZ, check_two3[0A0]
 09E  3010C                     CALL talkword1[10C]
 09F  340E1                     JUMP ending[0E1]
 0A0  14203         check_two3: COMPARE s2, 03
 0A1  354A4                     JUMP NZ, check_three3[0A4]
 0A2  30112                     CALL talkword2[112]
 0A3  340E1                     JUMP ending[0E1]
 0A4  14204       check_three3: COMPARE s2, 04
 0A5  354A8                     JUMP NZ, check_four3[0A8]
 0A6  30116                     CALL talkword3[116]
 0A7  340E1                     JUMP ending[0E1]
 0A8  14205        check_four3: COMPARE s2, 05
 0A9  354AC                     JUMP NZ, check_five3[0AC]
 0AA  3011D                     CALL talkword4[11D]
 0AB  340E1                     JUMP ending[0E1]
 0AC  14206        check_five3: COMPARE s2, 06
 0AD  354B0                     JUMP NZ, check_six3[0B0]
 0AE  30122                     CALL talkword5[122]
 0AF  340E1                     JUMP ending[0E1]
 0B0  14207         check_six3: COMPARE s2, 07
 0B1  354B4                     JUMP NZ, check_seven3[0B4]
 0B2  30128                     CALL talkword6[128]
 0B3  340E1                     JUMP ending[0E1]
 0B4  14208       check_seven3: COMPARE s2, 08
 0B5  354B8                     JUMP NZ, check_eight3[0B8]
 0B6  30131                     CALL talkword7[131]
 0B7  340E1                     JUMP ending[0E1]
 0B8  14209       check_eight3: COMPARE s2, 09
 0B9  354BC                     JUMP NZ, check_nine3[0BC]
 0BA  3013B                     CALL talkword8[13B]
 0BB  340E1                     JUMP ending[0E1]
 0BC  1420A        check_nine3: COMPARE s2, 0A
 0BD  354C0                     JUMP NZ, check_ten3[0C0]
 0BE  30140                     CALL talkword9[140]
 0BF  340E1                     JUMP ending[0E1]
 0C0  1420E         check_ten3: COMPARE s2, 0E
 0C1  354C4                     JUMP NZ, check_eleven3[0C4]
 0C2  30146                     CALL talkword10[146]
 0C3  340E1                     JUMP ending[0E1]
 0C4  1420F      check_eleven3: COMPARE s2, 0F
 0C5  354C8                     JUMP NZ, check_twelve3[0C8]
 0C6  3014F                     CALL talkword11[14F]
 0C7  340E1                     JUMP ending[0E1]
 0C8  14210      check_twelve3: COMPARE s2, 10
 0C9  354CC                     JUMP NZ, check_thirteen3[0CC]
 0CA  3015D                     CALL talkword12[15D]
 0CB  340E1                     JUMP ending[0E1]
 0CC  14211    check_thirteen3: COMPARE s2, 11
 0CD  354D0                     JUMP NZ, check_fourteen3[0D0]
 0CE  30167                     CALL talkword13[167]
 0CF  340E1                     JUMP ending[0E1]
 0D0  14212    check_fourteen3: COMPARE s2, 12
 0D1  354D4                     JUMP NZ, check_fifteen3[0D4]
 0D2  30172                     CALL talkword14[172]
 0D3  340E1                     JUMP ending[0E1]
 0D4  14213     check_fifteen3: COMPARE s2, 13
 0D5  354D8                     JUMP NZ, check_sixteen3[0D8]
 0D6  30174                     CALL talkword15[174]
 0D7  340E1                     JUMP ending[0E1]
 0D8  14214     check_sixteen3: COMPARE s2, 14
 0D9  354DC                     JUMP NZ, check_seventeen3[0DC]
 0DA  3017B                     CALL talkword16[17B]
 0DB  340E1                     JUMP ending[0E1]
 0DC  14215   check_seventeen3: COMPARE s2, 15
 0DD  354E0                     JUMP NZ, check_eighteen3[0E0]
 0DE  30184                     CALL talkword17[184]
 0DF  340E1                     JUMP ending[0E1]
 0E0  30186    check_eighteen3: CALL talkword18[186]
 0E1  00101             ending: LOAD s1, 01
 0E2  2C180                     OUTPUT s1, TALK_DONE_PORT[80]
 0E3  34003                     JUMP check_start_talk[003]      ;go  back to stage 1
 0E4                            ;;============================================================================
 0E4                            ;; Test message and phoneme voicing subroutine.
 0E4                            ;;============================================================================
 0E4            talkwordequals: 
 0E4  3024E                     CALL talkphonemeIY[24E]
 0E5  30292                     CALL talkphonemePA2[292]
 0E6  30294                     CALL talkphonemePA3[294]
 0E7  30256                     CALL talkphonemeKK3[256]
 0E8  30280                     CALL talkphonemeWH[280]
 0E9  30224                     CALL talkphonemeAX[224]
 0EA  30238                     CALL talkphonemeEL[238]
 0EB  3028E                     CALL talkphonemeZZ[28E]
 0EC  3028E                     CALL talkphonemeZZ[28E]
 0ED  2A000                     RETURN
 0EE             talkwordminus: 
 0EE  3025A                     CALL talkphonemeMM[25A]
 0EF  3025A                     CALL talkphonemeMM[25A]
 0F0  3021A                     CALL talkphonemeAA[21A]
 0F1  3021A                     CALL talkphonemeAA[21A]
 0F2  30226                     CALL talkphonemeAY[226]
 0F3  30226                     CALL talkphonemeAY[226]
 0F4  3025E                     CALL talkphonemeNN1[25E]
 0F5  3024C                     CALL talkphonemeIH[24C]
 0F6  3024C                     CALL talkphonemeIH[24C]
 0F7  30270                     CALL talkphonemeSS[270]
 0F8  30270                     CALL talkphonemeSS[270]
 0F9  2A000                     RETURN
 0FA              talkwordplus: 
 0FA  30268                     CALL talkphonemePP[268]
 0FB  30258                     CALL talkphonemeLL[258]
 0FC  30224                     CALL talkphonemeAX[224]
 0FD  30224                     CALL talkphonemeAX[224]
 0FE  30270                     CALL talkphonemeSS[270]
 0FF  30270                     CALL talkphonemeSS[270]
 100  2A000                     RETURN
 101             talkworderror: 
 101  30236                     CALL talkphonemeEH[236]
 102  30284                     CALL talkphonemeXR[284]
 103  30262                     CALL talkphonemeOR[262]
 104  2A000                     RETURN
 105                 talkword0: 
 105  3028E                     CALL talkphonemeZZ[28E]
 106  30236                     CALL talkphonemeEH[236]
 107  30236                     CALL talkphonemeEH[236]
 108  3026C                     CALL talkphonemeRR2[26C]
 109  3026C                     CALL talkphonemeRR2[26C]
 10A  30264                     CALL talkphonemeOW[264]
 10B  2A000                     RETURN
 10C                 talkword1: 
 10C  30282                     CALL talkphonemeWW[282]
 10D  30282                     CALL talkphonemeWW[282]
 10E  3021E                     CALL talkphonemeAO[21E]
 10F  3021E                     CALL talkphonemeAO[21E]
 110  3025E                     CALL talkphonemeNN1[25E]
 111  2A000                     RETURN
 112                 talkword2: 
 112  30276                     CALL talkphonemeTT2[276]
 113  3027C                     CALL talkphonemeUW2[27C]
 114  3027C                     CALL talkphonemeUW2[27C]
 115  2A000                     RETURN
 116                 talkword3: 
 116  30272                     CALL talkphonemeTH[272]
 117  30272                     CALL talkphonemeTH[272]
 118  3026C                     CALL talkphonemeRR2[26C]
 119  3026C                     CALL talkphonemeRR2[26C]
 11A  3024E                     CALL talkphonemeIY[24E]
 11B  3024E                     CALL talkphonemeIY[24E]
 11C  2A000                     RETURN
 11D                 talkword4: 
 11D  30240                     CALL talkphonemeFF[240]
 11E  30240                     CALL talkphonemeFF[240]
 11F  30262                     CALL talkphonemeOR[262]
 120  30262                     CALL talkphonemeOR[262]
 121  2A000                     RETURN
 122                 talkword5: 
 122  30240                     CALL talkphonemeFF[240]
 123  30240                     CALL talkphonemeFF[240]
 124  30226                     CALL talkphonemeAY[226]
 125  30226                     CALL talkphonemeAY[226]
 126  3027E                     CALL talkphonemeVV[27E]
 127  2A000                     RETURN
 128                 talkword6: 
 128  30270                     CALL talkphonemeSS[270]
 129  30270                     CALL talkphonemeSS[270]
 12A  3024C                     CALL talkphonemeIH[24C]
 12B  3024C                     CALL talkphonemeIH[24C]
 12C  30254                     CALL talkphonemeKK2[254]
 12D  30254                     CALL talkphonemeKK2[254]
 12E  30270                     CALL talkphonemeSS[270]
 12F  30270                     CALL talkphonemeSS[270]
 130  2A000                     RETURN
 131                 talkword7: 
 131  30270                     CALL talkphonemeSS[270]
 132  30270                     CALL talkphonemeSS[270]
 133  30236                     CALL talkphonemeEH[236]
 134  30236                     CALL talkphonemeEH[236]
 135  3027E                     CALL talkphonemeVV[27E]
 136  3027E                     CALL talkphonemeVV[27E]
 137  3024C                     CALL talkphonemeIH[24C]
 138  3024C                     CALL talkphonemeIH[24C]
 139  3025E                     CALL talkphonemeNN1[25E]
 13A  2A000                     RETURN
 13B                 talkword8: 
 13B  3023E                     CALL talkphonemeEY[23E]
 13C  3023E                     CALL talkphonemeEY[23E]
 13D  30294                     CALL talkphonemePA3[294]
 13E  30276                     CALL talkphonemeTT2[276]
 13F  2A000                     RETURN
 140                 talkword9: 
 140  30260                     CALL talkphonemeNN2[260]
 141  3021A                     CALL talkphonemeAA[21A]
 142  30226                     CALL talkphonemeAY[226]
 143  30226                     CALL talkphonemeAY[226]
 144  3025E                     CALL talkphonemeNN1[25E]
 145  2A000                     RETURN
 146                talkword10: 
 146  30274                     CALL talkphonemeTT1[274]
 147  30274                     CALL talkphonemeTT1[274]
 148  30236                     CALL talkphonemeEH[236]
 149  30236                     CALL talkphonemeEH[236]
 14A  30236                     CALL talkphonemeEH[236]
 14B  30236                     CALL talkphonemeEH[236]
 14C  3025E                     CALL talkphonemeNN1[25E]
 14D  3025E                     CALL talkphonemeNN1[25E]
 14E  2A000                     RETURN
 14F                talkword11: 
 14F  3024C                     CALL talkphonemeIH[24C]
 150  3024C                     CALL talkphonemeIH[24C]
 151  3024C                     CALL talkphonemeIH[24C]
 152  3024C                     CALL talkphonemeIH[24C]
 153  30258                     CALL talkphonemeLL[258]
 154  30258                     CALL talkphonemeLL[258]
 155  30236                     CALL talkphonemeEH[236]
 156  30236                     CALL talkphonemeEH[236]
 157  3027E                     CALL talkphonemeVV[27E]
 158  3027E                     CALL talkphonemeVV[27E]
 159  3024C                     CALL talkphonemeIH[24C]
 15A  3024C                     CALL talkphonemeIH[24C]
 15B  3025E                     CALL talkphonemeNN1[25E]
 15C  2A000                     RETURN
 15D                talkword12: 
 15D  30276                     CALL talkphonemeTT2[276]
 15E  30276                     CALL talkphonemeTT2[276]
 15F  30282                     CALL talkphonemeWW[282]
 160  30236                     CALL talkphonemeEH[236]
 161  30236                     CALL talkphonemeEH[236]
 162  30238                     CALL talkphonemeEL[238]
 163  30238                     CALL talkphonemeEL[238]
 164  3027E                     CALL talkphonemeVV[27E]
 165  3027E                     CALL talkphonemeVV[27E]
 166  2A000                     RETURN
 167                talkword13: 
 167  30272                     CALL talkphonemeTH[272]
 168  30272                     CALL talkphonemeTH[272]
 169  3023C                     CALL talkphonemeER2[23C]
 16A  3023C                     CALL talkphonemeER2[23C]
 16B              talkwordteen: 
 16B  30276                     CALL talkphonemeTT2[276]
 16C  30276                     CALL talkphonemeTT2[276]
 16D  3024E                     CALL talkphonemeIY[24E]
 16E  3024E                     CALL talkphonemeIY[24E]
 16F  3025E                     CALL talkphonemeNN1[25E]
 170  3025E                     CALL talkphonemeNN1[25E]
 171  2A000                     RETURN
 172                talkword14: 
 172  3011D                     CALL talkword4[11D]
 173  3416B                     JUMP talkwordteen[16B]
 174                talkword15: 
 174  30240                     CALL talkphonemeFF[240]
 175  30240                     CALL talkphonemeFF[240]
 176  3024C                     CALL talkphonemeIH[24C]
 177  3024C                     CALL talkphonemeIH[24C]
 178  30240                     CALL talkphonemeFF[240]
 179  30240                     CALL talkphonemeFF[240]
 17A  3416B                     JUMP talkwordteen[16B]
 17B                talkword16: 
 17B  30270                     CALL talkphonemeSS[270]
 17C  30270                     CALL talkphonemeSS[270]
 17D  3024C                     CALL talkphonemeIH[24C]
 17E  3024C                     CALL talkphonemeIH[24C]
 17F  30254                     CALL talkphonemeKK2[254]
 180  30254                     CALL talkphonemeKK2[254]
 181  30270                     CALL talkphonemeSS[270]
 182  30270                     CALL talkphonemeSS[270]
 183  3416B                     JUMP talkwordteen[16B]
 184                talkword17: 
 184  30131                     CALL talkword7[131]
 185  3416B                     JUMP talkwordteen[16B]
 186                talkword18: 
 186  3013B                     CALL talkword8[13B]
 187  3416B                     JUMP talkwordteen[16B]
 188                talkword19: 
 188  30140                     CALL talkword9[140]
 189  3416B                     JUMP talkwordteen[16B]
 18A                talkword20: 
 18A  30276                     CALL talkphonemeTT2[276]
 18B  30282                     CALL talkphonemeWW[282]
 18C  30236                     CALL talkphonemeEH[236]
 18D  3025E                     CALL talkphonemeNN1[25E]
 18E                talkwordty: 
 18E  30276                     CALL talkphonemeTT2[276]
 18F  3024E                     CALL talkphonemeIY[24E]
 190  2A000                     RETURN
 191                talkword30: 
 191  30272                     CALL talkphonemeTH[272]
 192  3023A                     CALL talkphonemeER1[23A]
 193  3418E                     JUMP talkwordty[18E]
 194                talkword40: 
 194  3011D                     CALL talkword4[11D]
 195  3418E                     JUMP talkwordty[18E]
 196                talkword50: 
 196  30240                     CALL talkphonemeFF[240]
 197  3024C                     CALL talkphonemeIH[24C]
 198  30240                     CALL talkphonemeFF[240]
 199  3418E                     JUMP talkwordty[18E]
 19A                talkword60: 
 19A  30128                     CALL talkword6[128]
 19B  3418E                     JUMP talkwordty[18E]
 19C                talkword70: 
 19C  30131                     CALL talkword7[131]
 19D  3418E                     JUMP talkwordty[18E]
 19E                talkword80: 
 19E  3013B                     CALL talkword8[13B]
 19F  3418E                     JUMP talkwordty[18E]
 1A0                talkword90: 
 1A0  30140                     CALL talkword9[140]
 1A1  3418E                     JUMP talkwordty[18E]
 1A2           talkwordhundred: 
 1A2  3024A                     CALL talkphonemeHH2[24A]
 1A3  30224                     CALL talkphonemeAX[224]
 1A4  3025E                     CALL talkphonemeNN1[25E]
 1A5  30230                     CALL talkphonemeDD2[230]
 1A6  3026C                     CALL talkphonemeRR2[26C]
 1A7  3022E                     CALL talkphonemeDD1[22E]
 1A8  2A000                     RETURN
 1A9             talkworddepth: 
 1A9  30230                     CALL talkphonemeDD2[230]
 1AA  30236                     CALL talkphonemeEH[236]
 1AB  30236                     CALL talkphonemeEH[236]
 1AC  30268                     CALL talkphonemePP[268]
 1AD  30272                     CALL talkphonemeTH[272]
 1AE  3420F                     JUMP endword[20F]
 1AF             talkwordpoint: 
 1AF  30268                     CALL talkphonemePP[268]
 1B0  30266                     CALL talkphonemeOY[266]
 1B1  30274                     CALL talkphonemeTT1[274]
 1B2  3420F                     JUMP endword[20F]
 1B3            talkwordanchor: 
 1B3  3023E                     CALL talkphonemeEY[23E]
 1B4  30256                     CALL talkphonemeKK3[256]
 1B5  3021C                     CALL talkphonemeAE[21C]
 1B6  3420F                     JUMP endword[20F]
 1B7             talkwordalarm: 
 1B7  3021C                     CALL talkphonemeAE[21C]
 1B8  30258                     CALL talkphonemeLL[258]
 1B9  30220                     CALL talkphonemeAR[220]
 1BA  3025A                     CALL talkphonemeMM[25A]
 1BB  3420F                     JUMP endword[20F]
 1BC                talkwordon: 
 1BC  3021E                     CALL talkphonemeAO[21E]
 1BD  3025C                     CALL talkphonemeNG[25C]
 1BE  3420F                     JUMP endword[20F]
 1BF               talkwordoff: 
 1BF  3021E                     CALL talkphonemeAO[21E]
 1C0  30240                     CALL talkphonemeFF[240]
 1C1  30240                     CALL talkphonemeFF[240]
 1C2  3420F                     JUMP endword[20F]
 1C3           talkwordshallow: 
 1C3  3026E                     CALL talkphonemeSH[26E]
 1C4  3021C                     CALL talkphonemeAE[21C]
 1C5  30258                     CALL talkphonemeLL[258]
 1C6  30264                     CALL talkphonemeOW[264]
 1C7  3420F                     JUMP endword[20F]
 1C8               talkwordand: 
 1C8  3024C                     CALL talkphonemeIH[24C]
 1C9  3024C                     CALL talkphonemeIH[24C]
 1CA  3025E                     CALL talkphonemeNN1[25E]
 1CB  30230                     CALL talkphonemeDD2[230]
 1CC  3420F                     JUMP endword[20F]
 1CD             talkwordwatch: 
 1CD  30282                     CALL talkphonemeWW[282]
 1CE  3021E                     CALL talkphonemeAO[21E]
 1CF  30274                     CALL talkphonemeTT1[274]
 1D0  3022C                     CALL talkphonemeCH[22C]
 1D1  3420F                     JUMP endword[20F]
 1D2             talkwordlimit: 
 1D2  30258                     CALL talkphonemeLL[258]
 1D3  3024C                     CALL talkphonemeIH[24C]
 1D4  3025A                     CALL talkphonemeMM[25A]
 1D5  3024C                     CALL talkphonemeIH[24C]
 1D6  30274                     CALL talkphonemeTT1[274]
 1D7  3420F                     JUMP endword[20F]
 1D8               talkwordset: 
 1D8  30270                     CALL talkphonemeSS[270]
 1D9  30270                     CALL talkphonemeSS[270]
 1DA  30236                     CALL talkphonemeEH[236]
 1DB  30276                     CALL talkphonemeTT2[276]
 1DC  3420F                     JUMP endword[20F]
 1DD           talkwordheading: 
 1DD  30248                     CALL talkphonemeHH1[248]
 1DE  30236                     CALL talkphonemeEH[236]
 1DF  30230                     CALL talkphonemeDD2[230]
 1E0  3024C                     CALL talkphonemeIH[24C]
 1E1  3025C                     CALL talkphonemeNG[25C]
 1E2  3420F                     JUMP endword[20F]
 1E3               talkwordgps: 
 1E3  30250                     CALL talkphonemeJH[250]
 1E4  3024E                     CALL talkphonemeIY[24E]
 1E5  30268                     CALL talkphonemePP[268]
 1E6  3024E                     CALL talkphonemeIY[24E]
 1E7  30236                     CALL talkphonemeEH[236]
 1E8  30270                     CALL talkphonemeSS[270]
 1E9  30270                     CALL talkphonemeSS[270]
 1EA  3420F                     JUMP endword[20F]
 1EB                talkwordno: 
 1EB  30260                     CALL talkphonemeNN2[260]
 1EC  30264                     CALL talkphonemeOW[264]
 1ED  3420F                     JUMP endword[20F]
 1EE              talkworddata: 
 1EE  30230                     CALL talkphonemeDD2[230]
 1EF  3023E                     CALL talkphonemeEY[23E]
 1F0  30276                     CALL talkphonemeTT2[276]
 1F1  30224                     CALL talkphonemeAX[224]
 1F2  3420F                     JUMP endword[20F]
 1F3             talkwordnorth: 
 1F3  30260                     CALL talkphonemeNN2[260]
 1F4  30262                     CALL talkphonemeOR[262]
 1F5  30248                     CALL talkphonemeHH1[248]
 1F6  3420F                     JUMP endword[20F]
 1F7             talkwordsouth: 
 1F7  30270                     CALL talkphonemeSS[270]
 1F8  30270                     CALL talkphonemeSS[270]
 1F9  30222                     CALL talkphonemeAW[222]
 1FA  30272                     CALL talkphonemeTH[272]
 1FB  30272                     CALL talkphonemeTH[272]
 1FC  3420F                     JUMP endword[20F]
 1FD              talkwordeast: 
 1FD  3024E                     CALL talkphonemeIY[24E]
 1FE  30270                     CALL talkphonemeSS[270]
 1FF  30270                     CALL talkphonemeSS[270]
 200  30276                     CALL talkphonemeTT2[276]
 201  3420F                     JUMP endword[20F]
 202              talkwordwest: 
 202  30282                     CALL talkphonemeWW[282]
 203  30236                     CALL talkphonemeEH[236]
 204  30270                     CALL talkphonemeSS[270]
 205  30270                     CALL talkphonemeSS[270]
 206  30276                     CALL talkphonemeTT2[276]
 207  3420F                     JUMP endword[20F]
 208          talkwordposition: 
 208  30268                     CALL talkphonemePP[268]
 209  3024C                     CALL talkphonemeIH[24C]
 20A  3028E                     CALL talkphonemeZZ[28E]
 20B  3024C                     CALL talkphonemeIH[24C]
 20C  3026E                     CALL talkphonemeSH[26E]
 20D  3025E                     CALL talkphonemeNN1[25E]
 20E  3420F                     JUMP endword[20F]
 20F                   endword: 
 20F  30298                     CALL talkphonemePA5[298]
 210  2A000                     RETURN
 211               say_phoneme: 
 211  2C040                     OUTPUT s0, PHONEME_PORT[40]     ;phoneme output
 212  00101                     LOAD s1, 01
 213  2C120                     OUTPUT s1, START_FLAG_PORT[20]  ;start_ctrl = 1
 214           wait_for_finish: 
 214  04200                     INPUT s2, DATA_IN_PORT[00]
 215  14201                     COMPARE s2, 01
 216  35614                     JUMP NZ, wait_for_finish[214]   ;if finish = 0, loop
 217  00100                     LOAD s1, 00
 218  2C120                     OUTPUT s1, START_FLAG_PORT[20]  ;start_ctrl = 0
 219  2A000                     RETURN
 21A             talkphonemeAA: ; hOt
 21A  00018                     LOAD s0, phoneme_AA[18]         ; can be doubled
 21B  34211                     JUMP say_phoneme[211]
 21C             talkphonemeAE: ; hAt
 21C  0001A                     LOAD s0, phoneme_AE[1A]         ; can be doubled
 21D  34211                     JUMP say_phoneme[211]
 21E             talkphonemeAO: ; AUght
 21E  00017                     LOAD s0, phoneme_AO[17]         ; can be doubled
 21F  34211                     JUMP say_phoneme[211]
 220             talkphonemeAR: ; alARm
 220  0003B                     LOAD s0, phoneme_AR[3B]
 221  34211                     JUMP say_phoneme[211]
 222             talkphonemeAW: ; dOWn
 222  00020                     LOAD s0, phoneme_AW[20]
 223  34211                     JUMP say_phoneme[211]
 224             talkphonemeAX: ; sUceed
 224  0000F                     LOAD s0, phoneme_AX[0F]         ; can be doubled
 225  34211                     JUMP say_phoneme[211]
 226             talkphonemeAY: ; kIte
 226  00006                     LOAD s0, phoneme_AY[06]
 227  34211                     JUMP say_phoneme[211]
 228            talkphonemeBB1: ; riB
 228  0001C                     LOAD s0, phoneme_BB1[1C]        ; usually preceed with 10-30 mS silence
 229  34211                     JUMP say_phoneme[211]
 22A            talkphonemeBB2: ; Beast
 22A  0003F                     LOAD s0, phoneme_BB2[3F]        ; usually preceed with 10-30 mS silence
 22B  34211                     JUMP say_phoneme[211]
 22C             talkphonemeCH: ; CHurCH
 22C  00032                     LOAD s0, phoneme_CH[32]
 22D  34211                     JUMP say_phoneme[211]
 22E            talkphonemeDD1: ; enD
 22E  00015                     LOAD s0, phoneme_DD1[15]        ; usually preceed with 10-30 mS silence
 22F  34211                     JUMP say_phoneme[211]
 230            talkphonemeDD2: ; Down
 230  00021                     LOAD s0, phoneme_DD2[21]        ; usually preceed with 10-30 mS silence
 231  34211                     JUMP say_phoneme[211]
 232            talkphonemeDH1: ; THis
 232  00012                     LOAD s0, phoneme_DH1[12]
 233  34211                     JUMP say_phoneme[211]
 234            talkphonemeDH2: ; baTHe
 234  00036                     LOAD s0, phoneme_DH2[36]
 235  34211                     JUMP say_phoneme[211]
 236             talkphonemeEH: ; End
 236  00007                     LOAD s0, phoneme_EH[07]         ; can be doubled
 237  34211                     JUMP say_phoneme[211]
 238             talkphonemeEL: ; angLE
 238  0003E                     LOAD s0, phoneme_EL[3E]
 239  34211                     JUMP say_phoneme[211]
 23A            talkphonemeER1: ; lettER
 23A  00033                     LOAD s0, phoneme_ER1[33]
 23B  34211                     JUMP say_phoneme[211]
 23C            talkphonemeER2: ; fERn
 23C  00034                     LOAD s0, phoneme_ER2[34]
 23D  34211                     JUMP say_phoneme[211]
 23E             talkphonemeEY: ; trAY
 23E  00014                     LOAD s0, phoneme_EY[14]
 23F  34211                     JUMP say_phoneme[211]
 240             talkphonemeFF: ; Food
 240  00028                     LOAD s0, phoneme_FF[28]         ; usually double for initial
 241  34211                     JUMP say_phoneme[211]
 242            talkphonemeGG1: ; Guest
 242  00024                     LOAD s0, phoneme_GG1[24]        ; usually preceed with 10-30 mS silence
 243  34211                     JUMP say_phoneme[211]
 244            talkphonemeGG2: ; Got
 244  0003D                     LOAD s0, phoneme_GG2[3D]        ; usually preceed with 10-30 mS silence
 245  34211                     JUMP say_phoneme[211]
 246            talkphonemeGG3: ; peG
 246  00022                     LOAD s0, phoneme_GG3[22]        ; usually preceed with 10-30 mS silence
 247  34211                     JUMP say_phoneme[211]
 248            talkphonemeHH1: ; He
 248  0001B                     LOAD s0, phoneme_HH1[1B]        ; usually double for initial
 249  34211                     JUMP say_phoneme[211]
 24A            talkphonemeHH2: ; Hoe
 24A  00039                     LOAD s0, phoneme_HH2[39]        ; usually double for initial
 24B  34211                     JUMP say_phoneme[211]
 24C             talkphonemeIH: ; sIt
 24C  0000C                     LOAD s0, phoneme_IH[0C]         ; can be doubled
 24D  34211                     JUMP say_phoneme[211]
 24E             talkphonemeIY: ; sEE
 24E  00013                     LOAD s0, phoneme_IY[13]
 24F  34211                     JUMP say_phoneme[211]
 250             talkphonemeJH: ; JudGe
 250  0000A                     LOAD s0, phoneme_JH[0A]
 251  34211                     JUMP say_phoneme[211]
 252            talkphonemeKK1: ; Can't
 252  0002A                     LOAD s0, phoneme_KK1[2A]        ; usually preceed with 50-80 mS silence
 253  34211                     JUMP say_phoneme[211]
 254            talkphonemeKK2: ; speaK
 254  00029                     LOAD s0, phoneme_KK2[29]        ; usually preceed with 50-80 mS silence
 255  34211                     JUMP say_phoneme[211]
 256            talkphonemeKK3: ; Crane
 256  00008                     LOAD s0, phoneme_KK3[08]        ; usually preceed with 50-80 mS silence
 257  34211                     JUMP say_phoneme[211]
 258             talkphonemeLL: ; Like
 258  0002D                     LOAD s0, phoneme_LL[2D]
 259  34211                     JUMP say_phoneme[211]
 25A             talkphonemeMM: ; Milk
 25A  00010                     LOAD s0, phoneme_MM[10]
 25B  34211                     JUMP say_phoneme[211]
 25C             talkphonemeNG: ; aNGer
 25C  0002C                     LOAD s0, phoneme_NG[2C]
 25D  34211                     JUMP say_phoneme[211]
 25E            talkphonemeNN1: ; thiN
 25E  0000B                     LOAD s0, phoneme_NN1[0B]
 25F  34211                     JUMP say_phoneme[211]
 260            talkphonemeNN2: ; No
 260  00038                     LOAD s0, phoneme_NN2[38]
 261  34211                     JUMP say_phoneme[211]
 262             talkphonemeOR: ; fORtune
 262  0003A                     LOAD s0, phoneme_OR[3A]
 263  34211                     JUMP say_phoneme[211]
 264             talkphonemeOW: ; zOne
 264  00035                     LOAD s0, phoneme_OW[35]
 265  34211                     JUMP say_phoneme[211]
 266             talkphonemeOY: ; vOIce
 266  00005                     LOAD s0, phoneme_OY[05]
 267  34211                     JUMP say_phoneme[211]
 268             talkphonemePP: ; Pow
 268  00009                     LOAD s0, phoneme_PP[09]         ; usually preceed with 50-80 mS silence
 269  34211                     JUMP say_phoneme[211]
 26A            talkphonemeRR1: ; Read
 26A  0000E                     LOAD s0, phoneme_RR1[0E]
 26B  34211                     JUMP say_phoneme[211]
 26C            talkphonemeRR2: ; cRane
 26C  00027                     LOAD s0, phoneme_RR2[27]
 26D  34211                     JUMP say_phoneme[211]
 26E             talkphonemeSH: ; SHip
 26E  00025                     LOAD s0, phoneme_SH[25]         ; usually double for initial
 26F  34211                     JUMP say_phoneme[211]
 270             talkphonemeSS: ; veSt
 270  00037                     LOAD s0, phoneme_SS[37]         ; usually double for initial
 271  34211                     JUMP say_phoneme[211]
 272             talkphonemeTH: ; THin
 272  0001D                     LOAD s0, phoneme_TH[1D]         ; usually double for initial
 273  34211                     JUMP say_phoneme[211]
 274            talkphonemeTT1: ; parTs
 274  00011                     LOAD s0, phoneme_TT1[11]        ; usually preceed with 50-80 mS silence
 275  34211                     JUMP say_phoneme[211]
 276            talkphonemeTT2: ; To
 276  0000D                     LOAD s0, phoneme_TT2[0D]        ; usually preceed with 50-80 mS silence
 277  34211                     JUMP say_phoneme[211]
 278             talkphonemeUH: ; bOOk
 278  0001E                     LOAD s0, phoneme_UH[1E]         ; may be doubled
 279  34211                     JUMP say_phoneme[211]
 27A            talkphonemeUW1: ; tO
 27A  00016                     LOAD s0, phoneme_UW1[16]
 27B  34211                     JUMP say_phoneme[211]
 27C            talkphonemeUW2: ; fOOd
 27C  0001F                     LOAD s0, phoneme_UW2[1F]
 27D  34211                     JUMP say_phoneme[211]
 27E             talkphonemeVV: ; Vest
 27E  00023                     LOAD s0, phoneme_VV[23]
 27F  34211                     JUMP say_phoneme[211]
 280             talkphonemeWH: ; WHig
 280  00030                     LOAD s0, phoneme_WH[30]         ; usually double for initial
 281  34211                     JUMP say_phoneme[211]
 282             talkphonemeWW: ; We
 282  0002E                     LOAD s0, phoneme_WW[2E]
 283  34211                     JUMP say_phoneme[211]
 284             talkphonemeXR: ; stARs
 284  0002F                     LOAD s0, phoneme_XR[2F]
 285  34211                     JUMP say_phoneme[211]
 286             talkphonemeYR: ; hEAr
 286  0003C                     LOAD s0, phoneme_YR[3C]
 287  34211                     JUMP say_phoneme[211]
 288            talkphonemeYY1: ; cUte
 288  00031                     LOAD s0, phoneme_YY1[31]
 289  34211                     JUMP say_phoneme[211]
 28A            talkphonemeYY2: ; Yes
 28A  00019                     LOAD s0, phoneme_YY2[19]
 28B  34211                     JUMP say_phoneme[211]
 28C             talkphonemeZH: ; pleaSure
 28C  00026                     LOAD s0, phoneme_ZH[26]
 28D  34211                     JUMP say_phoneme[211]
 28E             talkphonemeZZ: ; Zoo
 28E  0002B                     LOAD s0, phoneme_ZZ[2B]
 28F  34211                     JUMP say_phoneme[211]
 290            talkphonemePA1: ; 10 mS silence
 290  00000                     LOAD s0, phoneme_PA1[00]
 291  34211                     JUMP say_phoneme[211]
 292            talkphonemePA2: ; 30 mS silence
 292  00001                     LOAD s0, phoneme_PA2[01]
 293  34211                     JUMP say_phoneme[211]
 294            talkphonemePA3: ; 50 mS silence
 294  00002                     LOAD s0, phoneme_PA3[02]
 295  34211                     JUMP say_phoneme[211]
 296            talkphonemePA4: ; 100 mS silence
 296  00003                     LOAD s0, phoneme_PA4[03]
 297  34211                     JUMP say_phoneme[211]
 298            talkphonemePA5: ; 200 mS silence
 298  00004                     LOAD s0, phoneme_PA5[04]
 299  34211                     JUMP say_phoneme[211]
 29A            talkphonemePA6: ; 500 mS silence
 29A  30298                     CALL talkphonemePA5[298]
 29B  30298                     CALL talkphonemePA5[298]
 29C  30296                     CALL talkphonemePA4[296]
 29D  34211                     JUMP say_phoneme[211]
